<?xml version="1.0" encoding="UTF-8"?>
<testng-results total="3" passed="3" failed="0" skipped="0">
  <reporter-output>
  </reporter-output>
  <suite started-at="2024-04-20T19:47:25Z" name="Suite" finished-at="2024-04-20T19:47:31Z" duration-ms="6578">
    <groups>
    </groups>
    <test started-at="2024-04-20T19:47:25Z" name="Test" finished-at="2024-04-20T19:47:31Z" duration-ms="6578">
      <class name="tests.testSubscriptionPackages">
        <test-method is-config="true" signature="setUpEnvironment()[pri:0, instance:tests.testSubscriptionPackages@761e788f]" started-at="2024-04-20T21:47:06Z" name="setUpEnvironment" finished-at="2024-04-20T21:47:25Z" duration-ms="18772" status="PASS">
          <reporter-output>
          </reporter-output>
        </test-method> <!-- setUpEnvironment -->
        <test-method is-config="true" signature="getTestData()[pri:0, instance:tests.testSubscriptionPackages@761e788f]" started-at="2024-04-20T21:47:25Z" name="getTestData" finished-at="2024-04-20T21:47:25Z" duration-ms="3" status="PASS">
          <reporter-output>
          </reporter-output>
        </test-method> <!-- getTestData -->
        <test-method signature="testSubscriptionPackagesInEgypt()[pri:0, instance:tests.testSubscriptionPackages@761e788f]" started-at="2024-04-20T21:47:25Z" name="testSubscriptionPackagesInEgypt" description="Verify Subscription Packages in Egypt" finished-at="2024-04-20T21:47:25Z" duration-ms="541" status="PASS">
          <reporter-output>
          </reporter-output>
        </test-method> <!-- testSubscriptionPackagesInEgypt -->
        <test-method signature="testSubscriptionPackagesInEmirates()[pri:0, instance:tests.testSubscriptionPackages@761e788f]" started-at="2024-04-20T21:47:25Z" name="testSubscriptionPackagesInEmirates" description="Verify Subscription Packages in Emirates" finished-at="2024-04-20T21:47:28Z" duration-ms="2798" status="PASS">
          <reporter-output>
          </reporter-output>
        </test-method> <!-- testSubscriptionPackagesInEmirates -->
        <test-method signature="testSubscriptionPackagesInAlgeria()[pri:0, instance:tests.testSubscriptionPackages@761e788f]" started-at="2024-04-20T21:47:28Z" name="testSubscriptionPackagesInAlgeria" description="Verify Subscription Packages in Algeria" finished-at="2024-04-20T21:47:31Z" duration-ms="2950" status="PASS">
          <reporter-output>
          </reporter-output>
        </test-method> <!-- testSubscriptionPackagesInAlgeria -->
        <test-method is-config="true" signature="clean()[pri:0, instance:tests.testSubscriptionPackages@761e788f]" started-at="2024-04-20T21:47:31Z" name="clean" finished-at="2024-04-20T21:47:32Z" duration-ms="456" status="PASS">
          <reporter-output>
          </reporter-output>
        </test-method> <!-- clean -->
      </class> <!-- tests.testSubscriptionPackages -->
    </test> <!-- Test -->
  </suite> <!-- Suite -->
</testng-results>
