<?xml version="1.0" encoding="UTF-8"?>
<!-- Generated by org.testng.reporters.JUnitXMLReporter -->
<testsuite hostname="DESKTOP-O1MTOUR" failures="0" tests="3" name="Test" time="6.578" errors="0" timestamp="20 Apr 2024 19:47:31 GMT">
  <testcase classname="tests.testSubscriptionPackages" name="testSubscriptionPackagesInEgypt" time="0.541"/>
  <testcase classname="tests.testSubscriptionPackages" name="testSubscriptionPackagesInEmirates" time="2.798"/>
  <testcase classname="tests.testSubscriptionPackages" name="testSubscriptionPackagesInAlgeria" time="2.95"/>
</testsuite> <!-- Test -->
